<?xml version="1.0" encoding="UTF-8"?>
<!-- Generated by org.testng.reporters.JUnitXMLReporter -->
<testsuite ignored="0" hostname="DESKTOP-3N64S6F" failures="1" tests="3" name="Error Validation Test" time="65.603" errors="0" timestamp="2025-07-28T14:30:47 IST">
  <testcase classname="Maveric.testCases.ErrorValidationsTest" name="LoginErrorchecking" time="2.567">
    <skipped/>
  </testcase> <!-- LoginErrorchecking -->
  <testcase classname="Maveric.testCases.ErrorValidationsTest" name="LoginErrorchecking" time="1.457">
    <failure type="java.lang.AssertionError" message="expected [Incorrect email or password.] but found [Incorrect email password.]">
      <![CDATA[java.lang.AssertionError: expected [Incorrect email or password.] but found [Incorrect email password.]
at Maveric.testCases.ErrorValidationsTest.LoginErrorchecking(ErrorValidationsTest.java:22)
at java.base/java.util.ArrayList.forEach(ArrayList.java:1596)
at java.base/java.util.concurrent.FutureTask.run(FutureTask.java:317)
at java.base/java.util.concurrent.ThreadPoolExecutor.runWorker(ThreadPoolExecutor.java:1144)
at java.base/java.util.concurrent.ThreadPoolExecutor$Worker.run(ThreadPoolExecutor.java:642)
at java.base/java.lang.Thread.run(Thread.java:1583)
... Removed 21 stack frames]]>
    </failure>
  </testcase> <!-- LoginErrorchecking -->
  <testcase classname="Maveric.testCases.ErrorValidationsTest" name="productErrorValidation" time="7.884"/>
</testsuite> <!-- Error Validation Test -->
